hal(64): 15.20-s051: (c) Copyright 1995-2018 Cadence Design Systems, Inc.
hal: Options:   -cdslib /home/adld15/241/and_gate/cds.lib -logfile hal.log worklib.and_gate1_tb:module.
hal: Snapshot:  worklib.and_gate1_tb:module.
hal: Workspace: /home/adld15/241/and_gate.
hal: Date: Mon Apr 04 17:03:28 IST 2022.

hal: Running on elaborated SNAPSHOT.....

  ==========================================================================
Performing lint checks 

halcheck(64): 15.20-s051: (c) Copyright 1995-2018 Cadence Design Systems, Inc.
visadev(64): 15.20-s051: (c) Copyright 1995-2018 Cadence Design Systems, Inc.
module and_gate1_tb();
|
halcheck: *W,NEEDIO (./and_gate1_tb.v,1|0): Top-level module 'and_gate1_tb' has no inputs/outputs/inouts.
initial begin
|
halcheck: *W,NOBLKN (./and_gate1_tb.v,5|0): Each block should be labeled with a meaningful name.
$monitor("a=%b b=%b c=%b",a,b,c);
|
halcheck: *W,BADSYS (./and_gate1_tb.v,6|0): System task $monitor in module 'and_gate1_tb' is ignored.
a=0;
|
halcheck: *W,IMPDTC (./and_gate1_tb.v,7|0): Expression '0' implicitly converted to type 'unsigned' from type 'signed' in module/design-unit and_gate1_tb.
a=0;
|
halcheck: *W,INTTOB (./and_gate1_tb.v,7|0): Assigning a 0 or 1 (32 bits) to a single-bit variable in module/design-unit and_gate1_tb.
a=0;
|
halcheck: *W,TRUNCZ (./and_gate1_tb.v,7|0): Truncation in constant conversion without a loss of bits in module/design-unit and_gate1_tb.
b=0;
|
halcheck: *W,IMPDTC (./and_gate1_tb.v,8|0): Expression '0' implicitly converted to type 'unsigned' from type 'signed' in module/design-unit and_gate1_tb.
b=0;
|
halcheck: *W,INTTOB (./and_gate1_tb.v,8|0): Assigning a 0 or 1 (32 bits) to a single-bit variable in module/design-unit and_gate1_tb.
b=0;
|
halcheck: *W,TRUNCZ (./and_gate1_tb.v,8|0): Truncation in constant conversion without a loss of bits in module/design-unit and_gate1_tb.
#10;
|
halcheck: *W,EMPSTM (./and_gate1_tb.v,9|0): Module 'and_gate1_tb' contains an empty statement.
a=0;
|
halcheck: *W,IMPDTC (./and_gate1_tb.v,10|0): Expression '0' implicitly converted to type 'unsigned' from type 'signed' in module/design-unit and_gate1_tb.
a=0;
|
halcheck: *W,INTTOB (./and_gate1_tb.v,10|0): Assigning a 0 or 1 (32 bits) to a single-bit variable in module/design-unit and_gate1_tb.
a=0;
|
halcheck: *W,TRUNCZ (./and_gate1_tb.v,10|0): Truncation in constant conversion without a loss of bits in module/design-unit and_gate1_tb.
b=1;
|
halcheck: *W,IMPDTC (./and_gate1_tb.v,11|0): Expression '1' implicitly converted to type 'unsigned' from type 'signed' in module/design-unit and_gate1_tb.
b=1;
|
halcheck: *W,INTTOB (./and_gate1_tb.v,11|0): Assigning a 0 or 1 (32 bits) to a single-bit variable in module/design-unit and_gate1_tb.
b=1;
|
halcheck: *W,TRUNCZ (./and_gate1_tb.v,11|0): Truncation in constant conversion without a loss of bits in module/design-unit and_gate1_tb.
#10;
|
halcheck: *W,EMPSTM (./and_gate1_tb.v,12|0): Module 'and_gate1_tb' contains an empty statement.
a=0;
|
halcheck: *W,IMPDTC (./and_gate1_tb.v,13|0): Expression '0' implicitly converted to type 'unsigned' from type 'signed' in module/design-unit and_gate1_tb.
a=0;
|
halcheck: *W,INTTOB (./and_gate1_tb.v,13|0): Assigning a 0 or 1 (32 bits) to a single-bit variable in module/design-unit and_gate1_tb.
a=0;
|
halcheck: *W,TRUNCZ (./and_gate1_tb.v,13|0): Truncation in constant conversion without a loss of bits in module/design-unit and_gate1_tb.
b=0;
|
halcheck: *W,IMPDTC (./and_gate1_tb.v,14|0): Expression '0' implicitly converted to type 'unsigned' from type 'signed' in module/design-unit and_gate1_tb.
b=0;
|
halcheck: *W,INTTOB (./and_gate1_tb.v,14|0): Assigning a 0 or 1 (32 bits) to a single-bit variable in module/design-unit and_gate1_tb.
b=0;
|
halcheck: *W,TRUNCZ (./and_gate1_tb.v,14|0): Truncation in constant conversion without a loss of bits in module/design-unit and_gate1_tb.
#10;
|
halcheck: *W,EMPSTM (./and_gate1_tb.v,15|0): Module 'and_gate1_tb' contains an empty statement.
a=1;
|
halcheck: *W,IMPDTC (./and_gate1_tb.v,16|0): Expression '1' implicitly converted to type 'unsigned' from type 'signed' in module/design-unit and_gate1_tb.
a=1;
|
halcheck: *W,INTTOB (./and_gate1_tb.v,16|0): Assigning a 0 or 1 (32 bits) to a single-bit variable in module/design-unit and_gate1_tb.
a=1;
|
halcheck: *W,TRUNCZ (./and_gate1_tb.v,16|0): Truncation in constant conversion without a loss of bits in module/design-unit and_gate1_tb.
b=0;
|
halcheck: *W,IMPDTC (./and_gate1_tb.v,17|0): Expression '0' implicitly converted to type 'unsigned' from type 'signed' in module/design-unit and_gate1_tb.
b=0;
|
halcheck: *W,INTTOB (./and_gate1_tb.v,17|0): Assigning a 0 or 1 (32 bits) to a single-bit variable in module/design-unit and_gate1_tb.
b=0;
|
halcheck: *W,TRUNCZ (./and_gate1_tb.v,17|0): Truncation in constant conversion without a loss of bits in module/design-unit and_gate1_tb.
#10;
|
halcheck: *W,EMPSTM (./and_gate1_tb.v,18|0): Module 'and_gate1_tb' contains an empty statement.
a=1;
|
halcheck: *W,IMPDTC (./and_gate1_tb.v,19|0): Expression '1' implicitly converted to type 'unsigned' from type 'signed' in module/design-unit and_gate1_tb.
a=1;
|
halcheck: *W,INTTOB (./and_gate1_tb.v,19|0): Assigning a 0 or 1 (32 bits) to a single-bit variable in module/design-unit and_gate1_tb.
a=1;
|
halcheck: *W,TRUNCZ (./and_gate1_tb.v,19|0): Truncation in constant conversion without a loss of bits in module/design-unit and_gate1_tb.
b=1;
|
halcheck: *W,IMPDTC (./and_gate1_tb.v,20|0): Expression '1' implicitly converted to type 'unsigned' from type 'signed' in module/design-unit and_gate1_tb.
b=1;
|
halcheck: *W,INTTOB (./and_gate1_tb.v,20|0): Assigning a 0 or 1 (32 bits) to a single-bit variable in module/design-unit and_gate1_tb.
b=1;
|
halcheck: *W,TRUNCZ (./and_gate1_tb.v,20|0): Truncation in constant conversion without a loss of bits in module/design-unit and_gate1_tb.
#10;
|
halcheck: *W,EMPSTM (./and_gate1_tb.v,21|0): Module 'and_gate1_tb' contains an empty statement.
and_gate1 DUT (.a(a),.b(b),.c(c));
|
halcheck: *W,LCVARN (./and_gate1_tb.v,4|0): Module instance name 'DUT' uses uppercase characters.
and_gate1 DUT (.a(a),.b(b),.c(c));
|
halcheck: *N,IDLENG (./and_gate1_tb.v,4|0): Identifier name 'DUT' is not of appropriate length (4 to 16 characters).
module and_gate1(a,b,c);
|
halcheck: *W,DIFFMN (./and_gate1_tb.v,25|0): Module name 'and_gate1' differs from file name 'and_gate1_tb.v'.
module and_gate1(a,b,c);
|
halcheck: *W,MULTMF (./and_gate1_tb.v,25|0): More than one design-unit definition in file 'and_gate1_tb.v'.
module and_gate1(a,b,c);
|
halcheck: *N,PRTCNT (./and_gate1_tb.v,25|0): Module/Entity 'and_gate1' contains '3' ports.
halcheck: (./and_gate1_tb.v,25): Number of Input ports: 2.
halcheck: (./and_gate1_tb.v,25): Number of Output ports: 1.
input a,b;
|
halcheck: *N,DECLIN (./and_gate1_tb.v,26|0): Use a separate line for each HDL declaration.
halcheck: Total errors   = 0.
halcheck: Total warnings = 41.

  ==========================================================================
Performing synthesizability checks 

cfe64: 15.20.051-s(15.20.s051): (c) Copyright 1995 - 2018 Cadence Design Systems, Inc.
cfe64 Build : Mon May  7 17:15:12 IST 2018 ldvopt246
halsynth: Loading design snapshot....
halsynth: Traversing design hierarchy....
initial begin
|
halsynth: *W,INIUSP (./and_gate1_tb.v,5|0): Module and_gate1_tb has an initial block or a variable declaration assignment, which is ignored by synthesis tools.
halsynth: Total errors   = 0.
halsynth: Total warnings = 1.

  ==========================================================================
Performing structural checks 

halstruct(64): 15.20-s051: (c) Copyright 1995-2018 Cadence Design Systems, Inc.
visadev(64): 15.20-s051: (c) Copyright 1995-2018 Cadence Design Systems, Inc.
and_gate1 DUT (.a(a),.b(b),.c(c));
|
halstruct: *E,UNCONI (./and_gate1_tb.v,4|0): Input port 'a' of entity/module 'and_gate1' is being used inside architecture/module, but not connected (either partially or completely) in its instance 'and_gate1_tb.DUT'.
halstruct: (./and_gate1_tb.v,4): 'a' mapped to actual expression 'a' which is undriven.
and_gate1 DUT (.a(a),.b(b),.c(c));
|
halstruct: *E,UNCONI (./and_gate1_tb.v,4|0): Input port 'b' of entity/module 'and_gate1' is being used inside architecture/module, but not connected (either partially or completely) in its instance 'and_gate1_tb.DUT'.
halstruct: (./and_gate1_tb.v,4): 'b' mapped to actual expression 'b' which is undriven.
and_gate1 DUT (.a(a),.b(b),.c(c));
|
halstruct: *W,UNCONO (./and_gate1_tb.v,4|0): Port 'c' (which is being used as an output) of entity/module 'and_gate1' is being driven inside the design, but not connected (either partially or completely) in its instance 'and_gate1_tb.DUT'.
assign c=a&b;
|
halstruct: *W,SYNPRT (./and_gate1_tb.v,28|0): Output port 'c' is assigned asynchronously.
module and_gate1_tb();
|
halstruct: *N,NUMDFF (./and_gate1_tb.v,1|0): Number of single-bit D flip-flops present in the hierarchy is 0.
halstruct: Design facts generated in 'hal.design_facts'.
halstruct: Total errors   = 2.
halstruct: Total warnings = 2.

  ==========================================================================

Analysis summary :

 Errors   : (2)
  UNCONI (2)     

 Warnings : (44)
  BADSYS (1)      DIFFMN (1)      EMPSTM (5)      IMPDTC (10)    
  INIUSP (1)      INTTOB (10)     LCVARN (1)      MULTMF (1)     
  NEEDIO (1)      NOBLKN (1)      SYNPRT (1)      TRUNCZ (10)    
  UNCONO (1)     

 Notes    : (4)
  DECLIN (1)      IDLENG (1)      NUMDFF (1)      PRTCNT (1)     

Analysis complete.

 ==========================================================================

To analyze results, run following command :
    ncbrowse -64bit -cdslib /home/adld15/241/and_gate/cds.lib -sortby severity -sortby category -sortby tag hal.log

